[debug] [2020-03-12T14:17:37.625Z] ----------------------------------------------------------------------
[debug] [2020-03-12T14:17:37.626Z] Command:       /usr/local/bin/node /Users/alper.acabey/.npm-global/bin/firebase init
[debug] [2020-03-12T14:17:37.626Z] CLI Version:   7.14.0
[debug] [2020-03-12T14:17:37.626Z] Platform:      darwin
[debug] [2020-03-12T14:17:37.626Z] Node Version:  v10.19.0
[debug] [2020-03-12T14:17:37.627Z] Time:          Thu Mar 12 2020 17:17:37 GMT+0300 (GMT+03:00)
[debug] [2020-03-12T14:17:37.627Z] ----------------------------------------------------------------------
[debug] [2020-03-12T14:17:37.627Z] 
[debug] [2020-03-12T14:17:37.633Z] > command requires scopes: ["email","openid","https://www.googleapis.com/auth/cloudplatformprojects.readonly","https://www.googleapis.com/auth/firebase","https://www.googleapis.com/auth/cloud-platform"]
[debug] [2020-03-12T14:17:37.633Z] > authorizing via signed-in user
[info] 
     ######## #### ########  ######## ########     ###     ######  ########
     ##        ##  ##     ## ##       ##     ##  ##   ##  ##       ##
     ######    ##  ########  ######   ########  #########  ######  ######
     ##        ##  ##    ##  ##       ##     ## ##     ##       ## ##
     ##       #### ##     ## ######## ########  ##     ##  ######  ########

You're about to initialize a Firebase project in this directory:

  /Users/alper.acabey/personal-workspace/deex-office

[info] 
=== Project Setup
[info] 
[info] First, let's associate this project directory with a Firebase project.
[info] You can create multiple project aliases by running firebase use --add, 
[info] but for now we'll just set up a default project.
[info] 
[info] i  If you want to create a project in a Google Cloud organization or folder, please use "firebase projects:create" instead, and return to this command when you've created the project.
[debug] [2020-03-12T14:17:52.159Z] > refreshing access token with scopes: ["email","https://www.googleapis.com/auth/cloud-platform","https://www.googleapis.com/auth/cloudplatformprojects.readonly","https://www.googleapis.com/auth/firebase","openid"]
[debug] [2020-03-12T14:17:52.159Z] >>> HTTP REQUEST POST https://www.googleapis.com/oauth2/v3/token  
 <request body omitted>
[debug] [2020-03-12T14:17:52.447Z] <<< HTTP RESPONSE 400
[debug] [2020-03-12T14:17:52.448Z] >>> HTTP REQUEST POST https://cloudresourcemanager.googleapis.com/v1/projects  

[debug] [2020-03-12T14:17:53.495Z] <<< HTTP RESPONSE 401
[debug] [2020-03-12T14:17:53.495Z] <<< HTTP RESPONSE BODY
[debug] [2020-03-12T14:17:53.497Z] HTTP Error: 401, Request had invalid authentication credentials. Expected OAuth 2 access token, login cookie or other valid authentication credential. See https://developers.google.com/identity/sign-in/web/devconsole-project.
[debug] [2020-03-12T14:17:53.801Z] FirebaseError: HTTP Error: 401, Request had invalid authentication credentials. Expected OAuth 2 access token, login cookie or other valid authentication credential. See https://developers.google.com/identity/sign-in/web/devconsole-project.
    at module.exports (/Users/alper.acabey/.npm-global/lib/node_modules/firebase-tools/lib/responseToError.js:38:12)
    at Request._callback (/Users/alper.acabey/.npm-global/lib/node_modules/firebase-tools/lib/api.js:39:35)
    at Request.self.callback (/Users/alper.acabey/.npm-global/lib/node_modules/firebase-tools/node_modules/request/request.js:185:22)
    at Request.emit (events.js:198:13)
    at Request.EventEmitter.emit (domain.js:448:20)
    at Request.<anonymous> (/Users/alper.acabey/.npm-global/lib/node_modules/firebase-tools/node_modules/request/request.js:1154:10)
    at Request.emit (events.js:198:13)
    at Request.EventEmitter.emit (domain.js:448:20)
    at IncomingMessage.<anonymous> (/Users/alper.acabey/.npm-global/lib/node_modules/firebase-tools/node_modules/request/request.js:1076:12)
    at Object.onceWrapper (events.js:286:20)
    at IncomingMessage.emit (events.js:203:15)
    at IncomingMessage.EventEmitter.emit (domain.js:448:20)
    at endReadableNT (_stream_readable.js:1145:12)
    at process._tickCallback (internal/process/next_tick.js:63:19)
[error] 
[error] Error: Failed to create Google Cloud project. See firebase-debug.log for more info.
[debug] [2020-03-12T14:22:51.278Z] ----------------------------------------------------------------------
[debug] [2020-03-12T14:22:51.279Z] Command:       /usr/local/bin/node /Users/alper.acabey/.npm-global/bin/firebase init
[debug] [2020-03-12T14:22:51.279Z] CLI Version:   7.14.0
[debug] [2020-03-12T14:22:51.279Z] Platform:      darwin
[debug] [2020-03-12T14:22:51.279Z] Node Version:  v10.19.0
[debug] [2020-03-12T14:22:51.280Z] Time:          Thu Mar 12 2020 17:22:51 GMT+0300 (GMT+03:00)
[debug] [2020-03-12T14:22:51.280Z] ----------------------------------------------------------------------
[debug] [2020-03-12T14:22:51.280Z] 
[debug] [2020-03-12T14:22:51.286Z] > command requires scopes: ["email","openid","https://www.googleapis.com/auth/cloudplatformprojects.readonly","https://www.googleapis.com/auth/firebase","https://www.googleapis.com/auth/cloud-platform"]
[debug] [2020-03-12T14:22:51.286Z] > authorizing via signed-in user
[info] 
     ######## #### ########  ######## ########     ###     ######  ########
     ##        ##  ##     ## ##       ##     ##  ##   ##  ##       ##
     ######    ##  ########  ######   ########  #########  ######  ######
     ##        ##  ##    ##  ##       ##     ## ##     ##       ## ##
     ##       #### ##     ## ######## ########  ##     ##  ######  ########

You're about to initialize a Firebase project in this directory:

  /Users/alper.acabey/personal-workspace/deex-office

[info] 
=== Project Setup
[info] 
[info] First, let's associate this project directory with a Firebase project.
[info] You can create multiple project aliases by running firebase use --add, 
[info] but for now we'll just set up a default project.
[info] 
[info] 
=== Functions Setup
[info] 
[info] A functions directory will be created in your project with a Node.js
[info] package pre-configured. Functions can be deployed with firebase deploy.
[info] 
[info] ✔  Wrote functions/package.json
[info] ✔  Wrote functions/index.js
[info] ✔  Wrote functions/.gitignore
[info] 
=== Hosting Setup
[info] 
[info] Your public directory is the folder (relative to your project directory) that
[info] will contain Hosting assets to be uploaded with firebase deploy. If you
[info] have a build process for your assets, use your build's output directory.
[info] 
